<?xml version="1.0" encoding="UTF-8"?>
<!-- Generated by org.testng.reporters.JUnitReportReporter -->
<testsuite skipped="0" hostname="MyComputer" name="com.testcases.AddNewCustomer" tests="1" failures="0" timestamp="2019-12-06T00:25:40 EST" time="18.852" errors="0">
  <testcase name="Enterdcustdetails" time="18.852" classname="com.testcases.AddNewCustomer"/>
</testsuite> <!-- com.testcases.AddNewCustomer -->
