<?xml version="1.0" encoding="UTF-8"?>
<!-- Generated by org.testng.reporters.JUnitReportReporter -->
<testsuite skipped="0" hostname="MyComputer" name="com.testcases.ValidateDeleteCustomer" tests="1" failures="0" timestamp="2019-12-06T00:12:28 EST" time="14.437" errors="0">
  <testcase name="Enterdcustid" time="14.437" classname="com.testcases.ValidateDeleteCustomer"/>
</testsuite> <!-- com.testcases.ValidateDeleteCustomer -->
