<?xml version="1.0" encoding="UTF-8"?>
<!-- Generated by org.testng.reporters.JUnitReportReporter -->
<testsuite skipped="0" hostname="MyComputer" name="com.testcases.LoginTest" tests="1" failures="0" timestamp="2019-12-06T00:11:16 EST" time="30.105" errors="0">
  <testcase name="LoginTest" time="30.105" classname="com.testcases.LoginTest"/>
</testsuite> <!-- com.testcases.LoginTest -->
